android/app/build/intermediates/manifest_merge_blame_file/release/processReleaseMainManifest/manifest-merger-blame-release-report.txt
1<?xml version="1.0" encoding="utf-8"?>
2<manifest xmlns:android="http://schemas.android.com/apk/res/android"
3    package="com.example.untitled1"
4    android:versionCode="1"
5    android:versionName="1.0" >
6
7    <uses-sdk
8        android:minSdkVersion="21"
9        android:targetSdkVersion="34" />
10
11    <!-- Permissions untuk kamera & akses media -->
12    <uses-permission android:name="android.permission.CAMERA" />
12-->src\main\AndroidManifest.xml:5:5-64
12-->src\main\AndroidManifest.xml:5:22-62
13    <uses-permission android:name="android.permission.READ_MEDIA_IMAGES" />
13-->src\main\AndroidManifest.xml:6:5-75
13-->src\main\AndroidManifest.xml:6:22-73
14
15    <!-- Untuk plugin text Flutter -->
16    <queries>
16-->src\main\AndroidManifest.xml:41:5-46:15
17        <intent>
17-->src\main\AndroidManifest.xml:42:9-45:18
18            <action android:name="android.intent.action.PROCESS_TEXT" />
18-->src\main\AndroidManifest.xml:43:13-72
18-->src\main\AndroidManifest.xml:43:21-70
19
20            <data android:mimeType="text/plain" />
20-->src\main\AndroidManifest.xml:44:13-50
20-->src\main\AndroidManifest.xml:44:19-48
21        </intent>
22    </queries>
23
24    <uses-feature android:name="android.hardware.camera.any" />
24-->[:camera_android_camerax] AndroidManifest.xml:7:5-64
24-->[:camera_android_camerax] AndroidManifest.xml:7:19-61
25
26    <uses-permission android:name="android.permission.RECORD_AUDIO" />
26-->[:camera_android_camerax] AndroidManifest.xml:10:5-71
26-->[:camera_android_camerax] AndroidManifest.xml:10:22-68
27    <uses-permission
27-->[:camera_android_camerax] AndroidManifest.xml:11:5-13:38
28        android:name="android.permission.WRITE_EXTERNAL_STORAGE"
28-->[:camera_android_camerax] AndroidManifest.xml:12:9-65
29        android:maxSdkVersion="28" />
29-->[:camera_android_camerax] AndroidManifest.xml:13:9-35
30    <uses-permission android:name="android.permission.READ_EXTERNAL_STORAGE" />
31    <uses-permission android:name="android.permission.INTERNET" />
31-->[:google_sign_in_android] AndroidManifest.xml:7:5-67
31-->[:google_sign_in_android] AndroidManifest.xml:7:22-64
32    <uses-permission android:name="android.permission.ACCESS_NETWORK_STATE" />
32-->[com.google.firebase:firebase-auth:22.3.1] AndroidManifest.xml:26:5-79
32-->[com.google.firebase:firebase-auth:22.3.1] AndroidManifest.xml:26:22-76
33    <uses-permission android:name="com.google.android.providers.gsf.permission.READ_GSERVICES" />
33-->[com.google.android.recaptcha:recaptcha:18.4.0] AndroidManifest.xml:9:5-98
33-->[com.google.android.recaptcha:recaptcha:18.4.0] AndroidManifest.xml:9:22-95
34
35    <permission
35-->[androidx.core:core:1.13.1] AndroidManifest.xml:22:5-24:47
36        android:name="com.example.untitled1.DYNAMIC_RECEIVER_NOT_EXPORTED_PERMISSION"
36-->[androidx.core:core:1.13.1] AndroidManifest.xml:23:9-81
37        android:protectionLevel="signature" />
37-->[androidx.core:core:1.13.1] AndroidManifest.xml:24:9-44
38
39    <uses-permission android:name="com.example.untitled1.DYNAMIC_RECEIVER_NOT_EXPORTED_PERMISSION" />
39-->[androidx.core:core:1.13.1] AndroidManifest.xml:26:5-97
39-->[androidx.core:core:1.13.1] AndroidManifest.xml:26:22-94
40
41    <application
42        android:name="android.app.Application"
42-->src\main\AndroidManifest.xml:10:9-42
43        android:appComponentFactory="androidx.core.app.CoreComponentFactory"
43-->[androidx.core:core:1.13.1] AndroidManifest.xml:28:18-86
44        android:extractNativeLibs="true"
45        android:icon="@mipmap/ic_launcher"
45-->src\main\AndroidManifest.xml:11:9-43
46        android:label="untitled1" >
46-->src\main\AndroidManifest.xml:9:9-34
47        <activity
47-->src\main\AndroidManifest.xml:13:9-32:20
48            android:name="com.example.untitled1.MainActivity"
48-->src\main\AndroidManifest.xml:14:13-41
49            android:configChanges="orientation|keyboardHidden|keyboard|screenSize|smallestScreenSize|locale|layoutDirection|fontScale|screenLayout|density|uiMode"
49-->src\main\AndroidManifest.xml:19:13-163
50            android:exported="true"
50-->src\main\AndroidManifest.xml:15:13-36
51            android:hardwareAccelerated="true"
51-->src\main\AndroidManifest.xml:20:13-47
52            android:launchMode="singleTop"
52-->src\main\AndroidManifest.xml:16:13-43
53            android:taskAffinity=""
53-->src\main\AndroidManifest.xml:17:13-36
54            android:theme="@style/LaunchTheme"
54-->src\main\AndroidManifest.xml:18:13-47
55            android:windowSoftInputMode="adjustResize" >
55-->src\main\AndroidManifest.xml:21:13-55
56
57            <!-- Tema default -->
58            <meta-data
58-->src\main\AndroidManifest.xml:24:13-26:57
59                android:name="io.flutter.embedding.android.NormalTheme"
59-->src\main\AndroidManifest.xml:25:17-72
60                android:resource="@style/NormalTheme" />
60-->src\main\AndroidManifest.xml:26:17-54
61
62            <intent-filter>
62-->src\main\AndroidManifest.xml:28:13-31:29
63                <action android:name="android.intent.action.MAIN" />
63-->src\main\AndroidManifest.xml:29:17-68
63-->src\main\AndroidManifest.xml:29:25-66
64
65                <category android:name="android.intent.category.LAUNCHER" />
65-->src\main\AndroidManifest.xml:30:17-76
65-->src\main\AndroidManifest.xml:30:27-74
66            </intent-filter>
67        </activity>
68
69        <!-- Wajib oleh Flutter tools -->
70        <meta-data
70-->src\main\AndroidManifest.xml:35:9-37:33
71            android:name="flutterEmbedding"
71-->src\main\AndroidManifest.xml:36:13-44
72            android:value="2" />
72-->src\main\AndroidManifest.xml:37:13-30
73
74        <service
74-->[androidx.camera:camera-camera2:1.4.1] AndroidManifest.xml:24:9-33:19
75            android:name="androidx.camera.core.impl.MetadataHolderService"
75-->[androidx.camera:camera-camera2:1.4.1] AndroidManifest.xml:25:13-75
76            android:enabled="false"
76-->[androidx.camera:camera-camera2:1.4.1] AndroidManifest.xml:26:13-36
77            android:exported="false" >
77-->[androidx.camera:camera-camera2:1.4.1] AndroidManifest.xml:27:13-37
78            <meta-data
78-->[androidx.camera:camera-camera2:1.4.1] AndroidManifest.xml:30:13-32:89
79                android:name="androidx.camera.core.impl.MetadataHolderService.DEFAULT_CONFIG_PROVIDER"
79-->[androidx.camera:camera-camera2:1.4.1] AndroidManifest.xml:31:17-103
80                android:value="androidx.camera.camera2.Camera2Config$DefaultProvider" />
80-->[androidx.camera:camera-camera2:1.4.1] AndroidManifest.xml:32:17-86
81        </service>
82        <service
82-->[:cloud_firestore] AndroidManifest.xml:8:9-12:19
83            android:name="com.google.firebase.components.ComponentDiscoveryService"
83-->[:cloud_firestore] AndroidManifest.xml:8:18-89
84            android:directBootAware="true"
84-->[com.google.firebase:firebase-common:20.4.3] AndroidManifest.xml:32:13-43
85            android:exported="false" >
85-->[com.google.firebase:firebase-auth:22.3.1] AndroidManifest.xml:68:13-37
86            <meta-data
86-->[:cloud_firestore] AndroidManifest.xml:9:13-11:85
87                android:name="com.google.firebase.components:io.flutter.plugins.firebase.firestore.FlutterFirebaseFirestoreRegistrar"
87-->[:cloud_firestore] AndroidManifest.xml:10:17-134
88                android:value="com.google.firebase.components.ComponentRegistrar" />
88-->[:cloud_firestore] AndroidManifest.xml:11:17-82
89            <meta-data
89-->[:firebase_auth] AndroidManifest.xml:9:13-11:85
90                android:name="com.google.firebase.components:io.flutter.plugins.firebase.auth.FlutterFirebaseAuthRegistrar"
90-->[:firebase_auth] AndroidManifest.xml:10:17-124
91                android:value="com.google.firebase.components.ComponentRegistrar" />
91-->[:firebase_auth] AndroidManifest.xml:11:17-82
92            <meta-data
92-->[:firebase_storage] AndroidManifest.xml:9:13-11:85
93                android:name="com.google.firebase.components:io.flutter.plugins.firebase.storage.FlutterFirebaseAppRegistrar"
93-->[:firebase_storage] AndroidManifest.xml:10:17-126
94                android:value="com.google.firebase.components.ComponentRegistrar" />
94-->[:firebase_storage] AndroidManifest.xml:11:17-82
95            <meta-data
95-->[:firebase_core] AndroidManifest.xml:9:13-11:85
96                android:name="com.google.firebase.components:io.flutter.plugins.firebase.core.FlutterFirebaseCoreRegistrar"
96-->[:firebase_core] AndroidManifest.xml:10:17-124
97                android:value="com.google.firebase.components.ComponentRegistrar" />
97-->[:firebase_core] AndroidManifest.xml:11:17-82
98            <meta-data
98-->[com.google.firebase:firebase-auth:22.3.1] AndroidManifest.xml:69:13-71:85
99                android:name="com.google.firebase.components:com.google.firebase.auth.FirebaseAuthRegistrar"
99-->[com.google.firebase:firebase-auth:22.3.1] AndroidManifest.xml:70:17-109
100                android:value="com.google.firebase.components.ComponentRegistrar" />
100-->[com.google.firebase:firebase-auth:22.3.1] AndroidManifest.xml:71:17-82
101            <meta-data
101-->[com.google.firebase:firebase-firestore:24.11.0] AndroidManifest.xml:17:13-19:85
102                android:name="com.google.firebase.components:com.google.firebase.firestore.FirebaseFirestoreKtxRegistrar"
102-->[com.google.firebase:firebase-firestore:24.11.0] AndroidManifest.xml:18:17-122
103                android:value="com.google.firebase.components.ComponentRegistrar" />
103-->[com.google.firebase:firebase-firestore:24.11.0] AndroidManifest.xml:19:17-82
104            <meta-data
104-->[com.google.firebase:firebase-firestore:24.11.0] AndroidManifest.xml:20:13-22:85
105                android:name="com.google.firebase.components:com.google.firebase.firestore.FirestoreRegistrar"
105-->[com.google.firebase:firebase-firestore:24.11.0] AndroidManifest.xml:21:17-111
106                android:value="com.google.firebase.components.ComponentRegistrar" />
106-->[com.google.firebase:firebase-firestore:24.11.0] AndroidManifest.xml:22:17-82
107            <meta-data
107-->[com.google.firebase:firebase-storage:20.3.0] AndroidManifest.xml:30:13-32:85
108                android:name="com.google.firebase.components:com.google.firebase.storage.FirebaseStorageKtxRegistrar"
108-->[com.google.firebase:firebase-storage:20.3.0] AndroidManifest.xml:31:17-118
109                android:value="com.google.firebase.components.ComponentRegistrar" />
109-->[com.google.firebase:firebase-storage:20.3.0] AndroidManifest.xml:32:17-82
110            <meta-data
110-->[com.google.firebase:firebase-storage:20.3.0] AndroidManifest.xml:33:13-35:85
111                android:name="com.google.firebase.components:com.google.firebase.storage.StorageRegistrar"
111-->[com.google.firebase:firebase-storage:20.3.0] AndroidManifest.xml:34:17-107
112                android:value="com.google.firebase.components.ComponentRegistrar" />
112-->[com.google.firebase:firebase-storage:20.3.0] AndroidManifest.xml:35:17-82
113            <meta-data
113-->[com.google.firebase:firebase-appcheck:17.1.2] AndroidManifest.xml:25:13-27:85
114                android:name="com.google.firebase.components:com.google.firebase.appcheck.FirebaseAppCheckKtxRegistrar"
114-->[com.google.firebase:firebase-appcheck:17.1.2] AndroidManifest.xml:26:17-120
115                android:value="com.google.firebase.components.ComponentRegistrar" />
115-->[com.google.firebase:firebase-appcheck:17.1.2] AndroidManifest.xml:27:17-82
116            <meta-data
116-->[com.google.firebase:firebase-appcheck:17.1.2] AndroidManifest.xml:28:13-30:85
117                android:name="com.google.firebase.components:com.google.firebase.appcheck.FirebaseAppCheckRegistrar"
117-->[com.google.firebase:firebase-appcheck:17.1.2] AndroidManifest.xml:29:17-117
118                android:value="com.google.firebase.components.ComponentRegistrar" />
118-->[com.google.firebase:firebase-appcheck:17.1.2] AndroidManifest.xml:30:17-82
119            <meta-data
119-->[com.google.firebase:firebase-common-ktx:20.4.3] AndroidManifest.xml:12:13-14:85
120                android:name="com.google.firebase.components:com.google.firebase.ktx.FirebaseCommonLegacyRegistrar"
120-->[com.google.firebase:firebase-common-ktx:20.4.3] AndroidManifest.xml:13:17-116
121                android:value="com.google.firebase.components.ComponentRegistrar" />
121-->[com.google.firebase:firebase-common-ktx:20.4.3] AndroidManifest.xml:14:17-82
122            <meta-data
122-->[com.google.firebase:firebase-common:20.4.3] AndroidManifest.xml:35:13-37:85
123                android:name="com.google.firebase.components:com.google.firebase.FirebaseCommonKtxRegistrar"
123-->[com.google.firebase:firebase-common:20.4.3] AndroidManifest.xml:36:17-109
124                android:value="com.google.firebase.components.ComponentRegistrar" />
124-->[com.google.firebase:firebase-common:20.4.3] AndroidManifest.xml:37:17-82
125        </service>
126
127        <provider
127-->[:image_picker_android] AndroidManifest.xml:9:9-17:20
128            android:name="io.flutter.plugins.imagepicker.ImagePickerFileProvider"
128-->[:image_picker_android] AndroidManifest.xml:10:13-82
129            android:authorities="com.example.untitled1.flutter.image_provider"
129-->[:image_picker_android] AndroidManifest.xml:11:13-74
130            android:exported="false"
130-->[:image_picker_android] AndroidManifest.xml:12:13-37
131            android:grantUriPermissions="true" >
131-->[:image_picker_android] AndroidManifest.xml:13:13-47
132            <meta-data
132-->[:image_picker_android] AndroidManifest.xml:14:13-16:75
133                android:name="android.support.FILE_PROVIDER_PATHS"
133-->[:image_picker_android] AndroidManifest.xml:15:17-67
134                android:resource="@xml/flutter_image_picker_file_paths" />
134-->[:image_picker_android] AndroidManifest.xml:16:17-72
135        </provider> <!-- Trigger Google Play services to install the backported photo picker module. -->
136        <service
136-->[:image_picker_android] AndroidManifest.xml:19:9-31:19
137            android:name="com.google.android.gms.metadata.ModuleDependencies"
137-->[:image_picker_android] AndroidManifest.xml:20:13-78
138            android:enabled="false"
138-->[:image_picker_android] AndroidManifest.xml:21:13-36
139            android:exported="false" >
139-->[:image_picker_android] AndroidManifest.xml:22:13-37
140            <intent-filter>
140-->[:image_picker_android] AndroidManifest.xml:24:13-26:29
141                <action android:name="com.google.android.gms.metadata.MODULE_DEPENDENCIES" />
141-->[:image_picker_android] AndroidManifest.xml:25:17-94
141-->[:image_picker_android] AndroidManifest.xml:25:25-91
142            </intent-filter>
143
144            <meta-data
144-->[:image_picker_android] AndroidManifest.xml:28:13-30:36
145                android:name="photopicker_activity:0:required"
145-->[:image_picker_android] AndroidManifest.xml:29:17-63
146                android:value="" />
146-->[:image_picker_android] AndroidManifest.xml:30:17-33
147        </service>
148
149        <activity
149-->[com.google.android.gms:play-services-auth:21.0.0] AndroidManifest.xml:23:9-27:75
150            android:name="com.google.android.gms.auth.api.signin.internal.SignInHubActivity"
150-->[com.google.android.gms:play-services-auth:21.0.0] AndroidManifest.xml:24:13-93
151            android:excludeFromRecents="true"
151-->[com.google.android.gms:play-services-auth:21.0.0] AndroidManifest.xml:25:13-46
152            android:exported="false"
152-->[com.google.android.gms:play-services-auth:21.0.0] AndroidManifest.xml:26:13-37
153            android:theme="@android:style/Theme.Translucent.NoTitleBar" />
153-->[com.google.android.gms:play-services-auth:21.0.0] AndroidManifest.xml:27:13-72
154        <!--
155            Service handling Google Sign-In user revocation. For apps that do not integrate with
156            Google Sign-In, this service will never be started.
157        -->
158        <service
158-->[com.google.android.gms:play-services-auth:21.0.0] AndroidManifest.xml:33:9-37:51
159            android:name="com.google.android.gms.auth.api.signin.RevocationBoundService"
159-->[com.google.android.gms:play-services-auth:21.0.0] AndroidManifest.xml:34:13-89
160            android:exported="true"
160-->[com.google.android.gms:play-services-auth:21.0.0] AndroidManifest.xml:35:13-36
161            android:permission="com.google.android.gms.auth.api.signin.permission.REVOCATION_NOTIFICATION"
161-->[com.google.android.gms:play-services-auth:21.0.0] AndroidManifest.xml:36:13-107
162            android:visibleToInstantApps="true" />
162-->[com.google.android.gms:play-services-auth:21.0.0] AndroidManifest.xml:37:13-48
163
164        <activity
164-->[com.google.firebase:firebase-auth:22.3.1] AndroidManifest.xml:29:9-46:20
165            android:name="com.google.firebase.auth.internal.GenericIdpActivity"
165-->[com.google.firebase:firebase-auth:22.3.1] AndroidManifest.xml:30:13-80
166            android:excludeFromRecents="true"
166-->[com.google.firebase:firebase-auth:22.3.1] AndroidManifest.xml:31:13-46
167            android:exported="true"
167-->[com.google.firebase:firebase-auth:22.3.1] AndroidManifest.xml:32:13-36
168            android:launchMode="singleTask"
168-->[com.google.firebase:firebase-auth:22.3.1] AndroidManifest.xml:33:13-44
169            android:theme="@android:style/Theme.Translucent.NoTitleBar" >
169-->[com.google.firebase:firebase-auth:22.3.1] AndroidManifest.xml:34:13-72
170            <intent-filter>
170-->[com.google.firebase:firebase-auth:22.3.1] AndroidManifest.xml:35:13-45:29
171                <action android:name="android.intent.action.VIEW" />
171-->[com.google.firebase:firebase-auth:22.3.1] AndroidManifest.xml:36:17-69
171-->[com.google.firebase:firebase-auth:22.3.1] AndroidManifest.xml:36:25-66
172
173                <category android:name="android.intent.category.DEFAULT" />
173-->[com.google.firebase:firebase-auth:22.3.1] AndroidManifest.xml:38:17-76
173-->[com.google.firebase:firebase-auth:22.3.1] AndroidManifest.xml:38:27-73
174                <category android:name="android.intent.category.BROWSABLE" />
174-->[com.google.firebase:firebase-auth:22.3.1] AndroidManifest.xml:39:17-78
174-->[com.google.firebase:firebase-auth:22.3.1] AndroidManifest.xml:39:27-75
175
176                <data
176-->src\main\AndroidManifest.xml:44:13-50
177                    android:host="firebase.auth"
178                    android:path="/"
179                    android:scheme="genericidp" />
180            </intent-filter>
181        </activity>
182        <activity
182-->[com.google.firebase:firebase-auth:22.3.1] AndroidManifest.xml:47:9-64:20
183            android:name="com.google.firebase.auth.internal.RecaptchaActivity"
183-->[com.google.firebase:firebase-auth:22.3.1] AndroidManifest.xml:48:13-79
184            android:excludeFromRecents="true"
184-->[com.google.firebase:firebase-auth:22.3.1] AndroidManifest.xml:49:13-46
185            android:exported="true"
185-->[com.google.firebase:firebase-auth:22.3.1] AndroidManifest.xml:50:13-36
186            android:launchMode="singleTask"
186-->[com.google.firebase:firebase-auth:22.3.1] AndroidManifest.xml:51:13-44
187            android:theme="@android:style/Theme.Translucent.NoTitleBar" >
187-->[com.google.firebase:firebase-auth:22.3.1] AndroidManifest.xml:52:13-72
188            <intent-filter>
188-->[com.google.firebase:firebase-auth:22.3.1] AndroidManifest.xml:53:13-63:29
189                <action android:name="android.intent.action.VIEW" />
189-->[com.google.firebase:firebase-auth:22.3.1] AndroidManifest.xml:36:17-69
189-->[com.google.firebase:firebase-auth:22.3.1] AndroidManifest.xml:36:25-66
190
191                <category android:name="android.intent.category.DEFAULT" />
191-->[com.google.firebase:firebase-auth:22.3.1] AndroidManifest.xml:38:17-76
191-->[com.google.firebase:firebase-auth:22.3.1] AndroidManifest.xml:38:27-73
192                <category android:name="android.intent.category.BROWSABLE" />
192-->[com.google.firebase:firebase-auth:22.3.1] AndroidManifest.xml:39:17-78
192-->[com.google.firebase:firebase-auth:22.3.1] AndroidManifest.xml:39:27-75
193
194                <data
194-->src\main\AndroidManifest.xml:44:13-50
195                    android:host="firebase.auth"
196                    android:path="/"
197                    android:scheme="recaptcha" />
198            </intent-filter>
199        </activity>
200
201        <provider
201-->[com.google.firebase:firebase-common:20.4.3] AndroidManifest.xml:23:9-28:39
202            android:name="com.google.firebase.provider.FirebaseInitProvider"
202-->[com.google.firebase:firebase-common:20.4.3] AndroidManifest.xml:24:13-77
203            android:authorities="com.example.untitled1.firebaseinitprovider"
203-->[com.google.firebase:firebase-common:20.4.3] AndroidManifest.xml:25:13-72
204            android:directBootAware="true"
204-->[com.google.firebase:firebase-common:20.4.3] AndroidManifest.xml:26:13-43
205            android:exported="false"
205-->[com.google.firebase:firebase-common:20.4.3] AndroidManifest.xml:27:13-37
206            android:initOrder="100" />
206-->[com.google.firebase:firebase-common:20.4.3] AndroidManifest.xml:28:13-36
207
208        <uses-library
208-->[androidx.window:window:1.2.0] AndroidManifest.xml:23:9-25:40
209            android:name="androidx.window.extensions"
209-->[androidx.window:window:1.2.0] AndroidManifest.xml:24:13-54
210            android:required="false" />
210-->[androidx.window:window:1.2.0] AndroidManifest.xml:25:13-37
211        <uses-library
211-->[androidx.window:window:1.2.0] AndroidManifest.xml:26:9-28:40
212            android:name="androidx.window.sidecar"
212-->[androidx.window:window:1.2.0] AndroidManifest.xml:27:13-51
213            android:required="false" />
213-->[androidx.window:window:1.2.0] AndroidManifest.xml:28:13-37
214
215        <activity
215-->[com.google.android.gms:play-services-base:18.1.0] AndroidManifest.xml:20:9-22:45
216            android:name="com.google.android.gms.common.api.GoogleApiActivity"
216-->[com.google.android.gms:play-services-base:18.1.0] AndroidManifest.xml:20:19-85
217            android:exported="false"
217-->[com.google.android.gms:play-services-base:18.1.0] AndroidManifest.xml:22:19-43
218            android:theme="@android:style/Theme.Translucent.NoTitleBar" />
218-->[com.google.android.gms:play-services-base:18.1.0] AndroidManifest.xml:21:19-78
219
220        <meta-data
220-->[com.google.android.gms:play-services-basement:18.3.0] AndroidManifest.xml:21:9-23:69
221            android:name="com.google.android.gms.version"
221-->[com.google.android.gms:play-services-basement:18.3.0] AndroidManifest.xml:22:13-58
222            android:value="@integer/google_play_services_version" />
222-->[com.google.android.gms:play-services-basement:18.3.0] AndroidManifest.xml:23:13-66
223
224        <provider
224-->[androidx.lifecycle:lifecycle-process:2.7.0] AndroidManifest.xml:24:9-32:20
225            android:name="androidx.startup.InitializationProvider"
225-->[androidx.lifecycle:lifecycle-process:2.7.0] AndroidManifest.xml:25:13-67
226            android:authorities="com.example.untitled1.androidx-startup"
226-->[androidx.lifecycle:lifecycle-process:2.7.0] AndroidManifest.xml:26:13-68
227            android:exported="false" >
227-->[androidx.lifecycle:lifecycle-process:2.7.0] AndroidManifest.xml:27:13-37
228            <meta-data
228-->[androidx.lifecycle:lifecycle-process:2.7.0] AndroidManifest.xml:29:13-31:52
229                android:name="androidx.lifecycle.ProcessLifecycleInitializer"
229-->[androidx.lifecycle:lifecycle-process:2.7.0] AndroidManifest.xml:30:17-78
230                android:value="androidx.startup" />
230-->[androidx.lifecycle:lifecycle-process:2.7.0] AndroidManifest.xml:31:17-49
231            <meta-data
231-->[androidx.profileinstaller:profileinstaller:1.3.1] AndroidManifest.xml:29:13-31:52
232                android:name="androidx.profileinstaller.ProfileInstallerInitializer"
232-->[androidx.profileinstaller:profileinstaller:1.3.1] AndroidManifest.xml:30:17-85
233                android:value="androidx.startup" />
233-->[androidx.profileinstaller:profileinstaller:1.3.1] AndroidManifest.xml:31:17-49
234        </provider>
235
236        <receiver
236-->[androidx.profileinstaller:profileinstaller:1.3.1] AndroidManifest.xml:34:9-52:20
237            android:name="androidx.profileinstaller.ProfileInstallReceiver"
237-->[androidx.profileinstaller:profileinstaller:1.3.1] AndroidManifest.xml:35:13-76
238            android:directBootAware="false"
238-->[androidx.profileinstaller:profileinstaller:1.3.1] AndroidManifest.xml:36:13-44
239            android:enabled="true"
239-->[androidx.profileinstaller:profileinstaller:1.3.1] AndroidManifest.xml:37:13-35
240            android:exported="true"
240-->[androidx.profileinstaller:profileinstaller:1.3.1] AndroidManifest.xml:38:13-36
241            android:permission="android.permission.DUMP" >
241-->[androidx.profileinstaller:profileinstaller:1.3.1] AndroidManifest.xml:39:13-57
242            <intent-filter>
242-->[androidx.profileinstaller:profileinstaller:1.3.1] AndroidManifest.xml:40:13-42:29
243                <action android:name="androidx.profileinstaller.action.INSTALL_PROFILE" />
243-->[androidx.profileinstaller:profileinstaller:1.3.1] AndroidManifest.xml:41:17-91
243-->[androidx.profileinstaller:profileinstaller:1.3.1] AndroidManifest.xml:41:25-88
244            </intent-filter>
245            <intent-filter>
245-->[androidx.profileinstaller:profileinstaller:1.3.1] AndroidManifest.xml:43:13-45:29
246                <action android:name="androidx.profileinstaller.action.SKIP_FILE" />
246-->[androidx.profileinstaller:profileinstaller:1.3.1] AndroidManifest.xml:44:17-85
246-->[androidx.profileinstaller:profileinstaller:1.3.1] AndroidManifest.xml:44:25-82
247            </intent-filter>
248            <intent-filter>
248-->[androidx.profileinstaller:profileinstaller:1.3.1] AndroidManifest.xml:46:13-48:29
249                <action android:name="androidx.profileinstaller.action.SAVE_PROFILE" />
249-->[androidx.profileinstaller:profileinstaller:1.3.1] AndroidManifest.xml:47:17-88
249-->[androidx.profileinstaller:profileinstaller:1.3.1] AndroidManifest.xml:47:25-85
250            </intent-filter>
251            <intent-filter>
251-->[androidx.profileinstaller:profileinstaller:1.3.1] AndroidManifest.xml:49:13-51:29
252                <action android:name="androidx.profileinstaller.action.BENCHMARK_OPERATION" />
252-->[androidx.profileinstaller:profileinstaller:1.3.1] AndroidManifest.xml:50:17-95
252-->[androidx.profileinstaller:profileinstaller:1.3.1] AndroidManifest.xml:50:25-92
253            </intent-filter>
254        </receiver>
255    </application>
256
257</manifest>